<?xml version="1.0" encoding="UTF-8"?>
<testng-results ignored="0" total="1" passed="1" failed="0" skipped="0">
  <reporter-output>
  </reporter-output>
  <suite started-at="2018-12-02T13:08:58 MSK" name="Tests" finished-at="2018-12-02T13:09:29 MSK" duration-ms="31437">
    <groups>
    </groups>
    <test started-at="2018-12-02T13:08:58 MSK" name="Test1" finished-at="2018-12-02T13:09:29 MSK" duration-ms="31437">
      <class name="testng.HomePageTest">
        <test-method is-config="true" signature="init()[pri:0, instance:testng.HomePageTest@55183b20]" started-at="2018-12-02T13:08:58 MSK" name="init" finished-at="2018-12-02T13:09:00 MSK" duration-ms="1681" status="PASS">
          <reporter-output>
          </reporter-output>
        </test-method> <!-- init -->
        <test-method is-config="true" signature="testInit()[pri:0, instance:testng.HomePageTest@55183b20]" started-at="2018-12-02T13:09:00 MSK" name="testInit" finished-at="2018-12-02T13:09:09 MSK" duration-ms="8856" status="PASS">
          <reporter-output>
          </reporter-output>
        </test-method> <!-- testInit -->
        <test-method signature="testH1Existing()[pri:0, instance:testng.HomePageTest@55183b20]" started-at="2018-12-02T13:09:09 MSK" name="testH1Existing" finished-at="2018-12-02T13:09:29 MSK" duration-ms="20885" status="PASS">
          <reporter-output>
          </reporter-output>
        </test-method> <!-- testH1Existing -->
        <test-method is-config="true" signature="tearDown()[pri:0, instance:testng.HomePageTest@55183b20]" started-at="2018-12-02T13:09:29 MSK" name="tearDown" finished-at="2018-12-02T13:09:30 MSK" duration-ms="101" status="PASS">
          <reporter-output>
          </reporter-output>
        </test-method> <!-- tearDown -->
      </class> <!-- testng.HomePageTest -->
    </test> <!-- Test1 -->
  </suite> <!-- Tests -->
</testng-results>
